<?xml version="1.0" encoding="UTF-8"?>
<!-- Generated by org.testng.reporters.JUnitReportReporter -->
<testsuite hostname="DESKTOP-AEI6VM2" failures="0" tests="1" name="com.message.GmailReplay" time="18.643" errors="0" timestamp="2021-02-13T17:04:01 BDT" skipped="0">
  <testcase classname="com.message.GmailReplay" name="login" time="18.643"/>
  <system-out/>
</testsuite> <!-- com.message.GmailReplay -->
